<?xml version="1.0" encoding="UTF-8"?>
<testsuite name="com.example.demospring.HomeIntegrationSpec" tests="1" skipped="0" failures="0" errors="0" timestamp="2020-05-25T18:40:57" hostname="MacBook-Pro-de-Isagani.local" time="10.62">
  <properties/>
  <testcase name="test something" classname="com.example.demospring.HomeIntegrationSpec" time="10.62"/>
  <system-out><![CDATA[20:40:55.743 [Test worker] DEBUG org.springframework.test.annotation.ProfileValueUtils - Retrieved @ProfileValueSourceConfiguration [null] for test class [com.example.demospring.HomeIntegrationSpec]
20:40:55.752 [Test worker] DEBUG org.springframework.test.annotation.ProfileValueUtils - Retrieved ProfileValueSource type [class org.springframework.test.annotation.SystemProfileValueSource] for class [com.example.demospring.HomeIntegrationSpec]
20:40:55.753 [Test worker] DEBUG org.springframework.test.annotation.ProfileValueUtils - Retrieved @ProfileValueSourceConfiguration [null] for test class [com.example.demospring.HomeIntegrationSpec]
20:40:55.754 [Test worker] DEBUG org.springframework.test.annotation.ProfileValueUtils - Retrieved ProfileValueSource type [class org.springframework.test.annotation.SystemProfileValueSource] for class [com.example.demospring.HomeIntegrationSpec]
20:40:55.778 [Test worker] DEBUG org.springframework.test.context.BootstrapUtils - Instantiating CacheAwareContextLoaderDelegate from class [org.springframework.test.context.cache.DefaultCacheAwareContextLoaderDelegate]
20:40:55.798 [Test worker] DEBUG org.springframework.test.context.BootstrapUtils - Instantiating BootstrapContext using constructor [public org.springframework.test.context.support.DefaultBootstrapContext(java.lang.Class,org.springframework.test.context.CacheAwareContextLoaderDelegate)]
20:40:55.825 [Test worker] DEBUG org.springframework.test.context.BootstrapUtils - Instantiating TestContextBootstrapper for test class [com.example.demospring.HomeIntegrationSpec] from class [org.springframework.boot.test.context.SpringBootTestContextBootstrapper]
20:40:55.861 [Test worker] INFO org.springframework.boot.test.context.SpringBootTestContextBootstrapper - Neither @ContextConfiguration nor @ContextHierarchy found for test class [com.example.demospring.HomeIntegrationSpec], using SpringBootContextLoader
20:40:55.871 [Test worker] DEBUG org.springframework.test.context.support.AbstractContextLoader - Did not detect default resource location for test class [com.example.demospring.HomeIntegrationSpec]: class path resource [com/example/demospring/HomeIntegrationSpec-context.xml] does not exist
20:40:55.872 [Test worker] DEBUG org.springframework.test.context.support.AbstractContextLoader - Did not detect default resource location for test class [com.example.demospring.HomeIntegrationSpec]: class path resource [com/example/demospring/HomeIntegrationSpecContext.groovy] does not exist
20:40:55.873 [Test worker] INFO org.springframework.test.context.support.AbstractContextLoader - Could not detect default resource locations for test class [com.example.demospring.HomeIntegrationSpec]: no resource found for suffixes {-context.xml, Context.groovy}.
20:40:56.053 [Test worker] DEBUG org.springframework.test.context.support.ActiveProfilesUtils - Could not find an 'annotation declaring class' for annotation type [org.springframework.test.context.ActiveProfiles] and class [com.example.demospring.HomeIntegrationSpec]
20:40:56.444 [Test worker] DEBUG org.springframework.boot.test.context.SpringBootTestContextBootstrapper - @TestExecutionListeners is not present for class [com.example.demospring.HomeIntegrationSpec]: using defaults.
20:40:56.445 [Test worker] INFO org.springframework.boot.test.context.SpringBootTestContextBootstrapper - Loaded default TestExecutionListener class names from location [META-INF/spring.factories]: [org.springframework.boot.test.autoconfigure.restdocs.RestDocsTestExecutionListener, org.springframework.boot.test.autoconfigure.web.client.MockRestServiceServerResetTestExecutionListener, org.springframework.boot.test.autoconfigure.web.servlet.MockMvcPrintOnlyOnFailureTestExecutionListener, org.springframework.boot.test.autoconfigure.web.servlet.WebDriverTestExecutionListener, org.springframework.boot.test.autoconfigure.webservices.client.MockWebServiceServerTestExecutionListener, org.springframework.boot.test.mock.mockito.MockitoTestExecutionListener, org.springframework.boot.test.mock.mockito.ResetMocksTestExecutionListener, org.spockframework.spring.SpringMockTestExecutionListener, org.springframework.test.context.web.ServletTestExecutionListener, org.springframework.test.context.support.DirtiesContextBeforeModesTestExecutionListener, org.springframework.test.context.support.DependencyInjectionTestExecutionListener, org.springframework.test.context.support.DirtiesContextTestExecutionListener, org.springframework.test.context.transaction.TransactionalTestExecutionListener, org.springframework.test.context.jdbc.SqlScriptsTestExecutionListener, org.springframework.test.context.event.EventPublishingTestExecutionListener]
20:40:56.503 [Test worker] INFO org.springframework.boot.test.context.SpringBootTestContextBootstrapper - Using TestExecutionListeners: [org.springframework.test.context.web.ServletTestExecutionListener@68cf3d5c, org.springframework.test.context.support.DirtiesContextBeforeModesTestExecutionListener@7ea1211, org.springframework.boot.test.mock.mockito.MockitoTestExecutionListener@152e173c, org.springframework.boot.test.autoconfigure.SpringBootDependencyInjectionTestExecutionListener@32b76bcc, org.springframework.test.context.support.DirtiesContextTestExecutionListener@2303951b, org.springframework.test.context.transaction.TransactionalTestExecutionListener@742e61f0, org.springframework.test.context.jdbc.SqlScriptsTestExecutionListener@115c1fbe, org.springframework.test.context.event.EventPublishingTestExecutionListener@183cff52, org.springframework.boot.test.autoconfigure.restdocs.RestDocsTestExecutionListener@27280a03, org.springframework.boot.test.autoconfigure.web.client.MockRestServiceServerResetTestExecutionListener@208ecef7, org.springframework.boot.test.autoconfigure.web.servlet.MockMvcPrintOnlyOnFailureTestExecutionListener@51de94b7, org.springframework.boot.test.autoconfigure.web.servlet.WebDriverTestExecutionListener@2e6737b1, org.springframework.boot.test.autoconfigure.webservices.client.MockWebServiceServerTestExecutionListener@4978586c, org.springframework.boot.test.mock.mockito.ResetMocksTestExecutionListener@1f57dec2, org.spockframework.spring.SpringMockTestExecutionListener@3a899ab3]
20:40:57.562 [Test worker] DEBUG org.springframework.test.context.support.AbstractDirtiesContextTestExecutionListener - Before test class: context [DefaultTestContext@2adac1cf testClass = HomeIntegrationSpec, testInstance = [null], testMethod = [null], testException = [null], mergedContextConfiguration = [WebMergedContextConfiguration@659c223b testClass = HomeIntegrationSpec, locations = '{}', classes = '{class com.example.demospring.DemoSpringApplication, class com.example.demospring.DemoSpringApplication}', contextInitializerClasses = '[]', activeProfiles = '{}', propertySourceLocations = '{}', propertySourceProperties = '{org.springframework.boot.test.context.SpringBootTestContextBootstrapper=true}', contextCustomizers = set[org.springframework.boot.test.autoconfigure.properties.PropertyMappingContextCustomizer@0, org.springframework.boot.test.autoconfigure.web.servlet.WebDriverContextCustomizerFactory$Customizer@3f37948, org.springframework.boot.test.context.filter.ExcludeFilterContextCustomizer@4e279b0, org.springframework.boot.test.json.DuplicateJsonObjectContextCustomizerFactory$DuplicateJsonObjectContextCustomizer@3bd24afc, org.springframework.boot.test.mock.mockito.MockitoContextCustomizer@0, org.springframework.boot.test.web.client.TestRestTemplateContextCustomizer@162af7a5, org.spockframework.spring.mock.SpockContextCustomizer@0, org.springframework.boot.test.context.SpringBootTestArgs@1], resourceBasePath = 'src/main/webapp', contextLoader = 'org.springframework.boot.test.context.SpringBootContextLoader', parent = [null]], attributes = map['org.springframework.test.context.web.ServletTestExecutionListener.activateListener' -> true]], class annotated with @DirtiesContext [false] with mode [null].
20:40:57.727 [Test worker] DEBUG org.springframework.test.context.support.TestPropertySourceUtils - Adding inlined properties to environment: {spring.jmx.enabled=false, org.springframework.boot.test.context.SpringBootTestContextBootstrapper=true}

  .   ____          _            __ _ _
 /\\ / ___'_ __ _ _(_)_ __  __ _ \ \ \ \
( ( )\___ | '_ | '_| | '_ \/ _` | \ \ \ \
 \\/  ___)| |_)| | | | | || (_| |  ) ) ) )
  '  |____| .__|_| |_|_| |_\__, | / / / /
 =========|_|==============|___/=/_/_/_/
 :: Spring Boot ::        (v2.3.0.RELEASE)

2020-05-25 20:41:00.035  INFO 11003 --- [    Test worker] .s.d.r.c.RepositoryConfigurationDelegate : Bootstrapping Spring Data JPA repositories in DEFERRED mode.
2020-05-25 20:41:00.083  INFO 11003 --- [    Test worker] .s.d.r.c.RepositoryConfigurationDelegate : Finished Spring Data repository scanning in 25ms. Found 0 JPA repository interfaces.
2020-05-25 20:41:00.816 DEBUG 11003 --- [    Test worker] com.zaxxer.hikari.HikariConfig           : Driver class org.postgresql.Driver found in Thread context class loader jdk.internal.loader.ClassLoaders$AppClassLoader@55054057
2020-05-25 20:41:00.888 DEBUG 11003 --- [    Test worker] com.zaxxer.hikari.HikariConfig           : HikariPool-1 - configuration:
2020-05-25 20:41:00.894 DEBUG 11003 --- [    Test worker] com.zaxxer.hikari.HikariConfig           : allowPoolSuspension.............false
2020-05-25 20:41:00.894 DEBUG 11003 --- [    Test worker] com.zaxxer.hikari.HikariConfig           : autoCommit......................true
2020-05-25 20:41:00.895 DEBUG 11003 --- [    Test worker] com.zaxxer.hikari.HikariConfig           : catalog.........................none
2020-05-25 20:41:00.895 DEBUG 11003 --- [    Test worker] com.zaxxer.hikari.HikariConfig           : connectionInitSql...............none
2020-05-25 20:41:00.896 DEBUG 11003 --- [    Test worker] com.zaxxer.hikari.HikariConfig           : connectionTestQuery.............none
2020-05-25 20:41:00.896 DEBUG 11003 --- [    Test worker] com.zaxxer.hikari.HikariConfig           : connectionTimeout...............20000
2020-05-25 20:41:00.897 DEBUG 11003 --- [    Test worker] com.zaxxer.hikari.HikariConfig           : dataSource......................none
2020-05-25 20:41:00.898 DEBUG 11003 --- [    Test worker] com.zaxxer.hikari.HikariConfig           : dataSourceClassName.............none
2020-05-25 20:41:00.899 DEBUG 11003 --- [    Test worker] com.zaxxer.hikari.HikariConfig           : dataSourceJNDI..................none
2020-05-25 20:41:00.902 DEBUG 11003 --- [    Test worker] com.zaxxer.hikari.HikariConfig           : dataSourceProperties............{password=<masked>}
2020-05-25 20:41:00.903 DEBUG 11003 --- [    Test worker] com.zaxxer.hikari.HikariConfig           : driverClassName................."org.postgresql.Driver"
2020-05-25 20:41:00.903 DEBUG 11003 --- [    Test worker] com.zaxxer.hikari.HikariConfig           : exceptionOverrideClassName......none
2020-05-25 20:41:00.904 DEBUG 11003 --- [    Test worker] com.zaxxer.hikari.HikariConfig           : healthCheckProperties...........{}
2020-05-25 20:41:00.904 DEBUG 11003 --- [    Test worker] com.zaxxer.hikari.HikariConfig           : healthCheckRegistry.............none
2020-05-25 20:41:00.905 DEBUG 11003 --- [    Test worker] com.zaxxer.hikari.HikariConfig           : idleTimeout.....................600000
2020-05-25 20:41:00.907 DEBUG 11003 --- [    Test worker] com.zaxxer.hikari.HikariConfig           : initializationFailTimeout.......1
2020-05-25 20:41:00.908 DEBUG 11003 --- [    Test worker] com.zaxxer.hikari.HikariConfig           : isolateInternalQueries..........false
2020-05-25 20:41:00.910 DEBUG 11003 --- [    Test worker] com.zaxxer.hikari.HikariConfig           : jdbcUrl.........................jdbc:postgresql://localhost:5432/demo
2020-05-25 20:41:00.911 DEBUG 11003 --- [    Test worker] com.zaxxer.hikari.HikariConfig           : leakDetectionThreshold..........0
2020-05-25 20:41:00.912 DEBUG 11003 --- [    Test worker] com.zaxxer.hikari.HikariConfig           : maxLifetime.....................1800000
2020-05-25 20:41:00.912 DEBUG 11003 --- [    Test worker] com.zaxxer.hikari.HikariConfig           : maximumPoolSize.................5
2020-05-25 20:41:00.913 DEBUG 11003 --- [    Test worker] com.zaxxer.hikari.HikariConfig           : metricRegistry..................none
2020-05-25 20:41:00.914 DEBUG 11003 --- [    Test worker] com.zaxxer.hikari.HikariConfig           : metricsTrackerFactory...........none
2020-05-25 20:41:00.915 DEBUG 11003 --- [    Test worker] com.zaxxer.hikari.HikariConfig           : minimumIdle.....................5
2020-05-25 20:41:00.916 DEBUG 11003 --- [    Test worker] com.zaxxer.hikari.HikariConfig           : password........................<masked>
2020-05-25 20:41:00.916 DEBUG 11003 --- [    Test worker] com.zaxxer.hikari.HikariConfig           : poolName........................"HikariPool-1"
2020-05-25 20:41:00.917 DEBUG 11003 --- [    Test worker] com.zaxxer.hikari.HikariConfig           : readOnly........................false
2020-05-25 20:41:00.919 DEBUG 11003 --- [    Test worker] com.zaxxer.hikari.HikariConfig           : registerMbeans..................false
2020-05-25 20:41:00.920 DEBUG 11003 --- [    Test worker] com.zaxxer.hikari.HikariConfig           : scheduledExecutor...............none
2020-05-25 20:41:00.922 DEBUG 11003 --- [    Test worker] com.zaxxer.hikari.HikariConfig           : schema..........................none
2020-05-25 20:41:00.932 DEBUG 11003 --- [    Test worker] com.zaxxer.hikari.HikariConfig           : threadFactory...................internal
2020-05-25 20:41:00.934 DEBUG 11003 --- [    Test worker] com.zaxxer.hikari.HikariConfig           : transactionIsolation............default
2020-05-25 20:41:00.935 DEBUG 11003 --- [    Test worker] com.zaxxer.hikari.HikariConfig           : username........................"postgres"
2020-05-25 20:41:00.936 DEBUG 11003 --- [    Test worker] com.zaxxer.hikari.HikariConfig           : validationTimeout...............5000
2020-05-25 20:41:00.937  INFO 11003 --- [    Test worker] com.zaxxer.hikari.HikariDataSource       : HikariPool-1 - Starting...
2020-05-25 20:41:01.194 DEBUG 11003 --- [    Test worker] com.zaxxer.hikari.pool.HikariPool        : HikariPool-1 - Added connection org.postgresql.jdbc.PgConnection@3b2d0c5d
2020-05-25 20:41:01.202  INFO 11003 --- [    Test worker] com.zaxxer.hikari.HikariDataSource       : HikariPool-1 - Start completed.
2020-05-25 20:41:01.301 DEBUG 11003 --- [l-1 housekeeper] com.zaxxer.hikari.pool.HikariPool        : HikariPool-1 - Pool stats (total=1, active=0, idle=1, waiting=0)
2020-05-25 20:41:01.318 DEBUG 11003 --- [onnection adder] com.zaxxer.hikari.pool.HikariPool        : HikariPool-1 - Added connection org.postgresql.jdbc.PgConnection@4923a069
2020-05-25 20:41:01.340 DEBUG 11003 --- [onnection adder] com.zaxxer.hikari.pool.HikariPool        : HikariPool-1 - Added connection org.postgresql.jdbc.PgConnection@47e4573d
2020-05-25 20:41:01.360 DEBUG 11003 --- [onnection adder] com.zaxxer.hikari.pool.HikariPool        : HikariPool-1 - Added connection org.postgresql.jdbc.PgConnection@43dbcb19
2020-05-25 20:41:01.382 DEBUG 11003 --- [onnection adder] com.zaxxer.hikari.pool.HikariPool        : HikariPool-1 - Added connection org.postgresql.jdbc.PgConnection@6d95d06
2020-05-25 20:41:01.383 DEBUG 11003 --- [onnection adder] com.zaxxer.hikari.pool.HikariPool        : HikariPool-1 - After adding stats (total=5, active=0, idle=5, waiting=0)
2020-05-25 20:41:01.521  INFO 11003 --- [    Test worker] o.s.s.concurrent.ThreadPoolTaskExecutor  : Initializing ExecutorService 'applicationTaskExecutor'
2020-05-25 20:41:06.337  INFO 11003 --- [    Test worker] o.s.b.a.e.web.EndpointLinksResolver      : Exposing 2 endpoint(s) beneath base path '/actuator'
2020-05-25 20:41:06.497  INFO 11003 --- [    Test worker] DeferredRepositoryInitializationListener : Triggering deferred initialization of Spring Data repositories…
2020-05-25 20:41:06.500  INFO 11003 --- [    Test worker] DeferredRepositoryInitializationListener : Spring Data repositories initialized!
]]></system-out>
  <system-err><![CDATA[]]></system-err>
</testsuite>
