<?xml version="1.0" encoding="UTF-8"?>
<testsuite name="com.example.demospring.DemoSpringApplicationTests" tests="1" skipped="0" failures="0" errors="0" timestamp="2020-05-26T05:25:01" hostname="MacBook-Pro-de-Isagani.local" time="0.315">
  <properties/>
  <testcase name="contextLoads()" classname="com.example.demospring.DemoSpringApplicationTests" time="0.315"/>
  <system-out><![CDATA[07:24:54.450 [Test worker] DEBUG org.springframework.test.context.BootstrapUtils - Instantiating CacheAwareContextLoaderDelegate from class [org.springframework.test.context.cache.DefaultCacheAwareContextLoaderDelegate]
07:24:54.451 [Test worker] DEBUG org.springframework.test.context.BootstrapUtils - Instantiating BootstrapContext using constructor [public org.springframework.test.context.support.DefaultBootstrapContext(java.lang.Class,org.springframework.test.context.CacheAwareContextLoaderDelegate)]
07:24:54.452 [Test worker] DEBUG org.springframework.test.context.BootstrapUtils - Instantiating TestContextBootstrapper for test class [com.example.demospring.DemoSpringApplicationTests] from class [org.springframework.boot.test.context.SpringBootTestContextBootstrapper]
07:24:54.454 [Test worker] INFO org.springframework.boot.test.context.SpringBootTestContextBootstrapper - Neither @ContextConfiguration nor @ContextHierarchy found for test class [com.example.demospring.DemoSpringApplicationTests], using SpringBootContextLoader
07:24:54.455 [Test worker] DEBUG org.springframework.test.context.support.AbstractContextLoader - Did not detect default resource location for test class [com.example.demospring.DemoSpringApplicationTests]: class path resource [com/example/demospring/DemoSpringApplicationTests-context.xml] does not exist
07:24:54.456 [Test worker] DEBUG org.springframework.test.context.support.AbstractContextLoader - Did not detect default resource location for test class [com.example.demospring.DemoSpringApplicationTests]: class path resource [com/example/demospring/DemoSpringApplicationTestsContext.groovy] does not exist
07:24:54.457 [Test worker] INFO org.springframework.test.context.support.AbstractContextLoader - Could not detect default resource locations for test class [com.example.demospring.DemoSpringApplicationTests]: no resource found for suffixes {-context.xml, Context.groovy}.
07:24:54.457 [Test worker] INFO org.springframework.test.context.support.AnnotationConfigContextLoaderUtils - Could not detect default configuration classes for test class [com.example.demospring.DemoSpringApplicationTests]: DemoSpringApplicationTests does not declare any static, non-private, non-final, nested classes annotated with @Configuration.
07:24:54.463 [Test worker] DEBUG org.springframework.test.context.support.ActiveProfilesUtils - Could not find an 'annotation declaring class' for annotation type [org.springframework.test.context.ActiveProfiles] and class [com.example.demospring.DemoSpringApplicationTests]
07:24:54.464 [Test worker] INFO org.springframework.boot.test.context.SpringBootTestContextBootstrapper - Found @SpringBootConfiguration com.example.demospring.DemoSpringApplication for test class com.example.demospring.DemoSpringApplicationTests
07:24:54.576 [Test worker] DEBUG org.springframework.boot.test.context.SpringBootTestContextBootstrapper - @TestExecutionListeners is not present for class [com.example.demospring.DemoSpringApplicationTests]: using defaults.
07:24:54.577 [Test worker] INFO org.springframework.boot.test.context.SpringBootTestContextBootstrapper - Loaded default TestExecutionListener class names from location [META-INF/spring.factories]: [org.springframework.boot.test.autoconfigure.restdocs.RestDocsTestExecutionListener, org.springframework.boot.test.autoconfigure.web.client.MockRestServiceServerResetTestExecutionListener, org.springframework.boot.test.autoconfigure.web.servlet.MockMvcPrintOnlyOnFailureTestExecutionListener, org.springframework.boot.test.autoconfigure.web.servlet.WebDriverTestExecutionListener, org.springframework.boot.test.autoconfigure.webservices.client.MockWebServiceServerTestExecutionListener, org.springframework.boot.test.mock.mockito.MockitoTestExecutionListener, org.springframework.boot.test.mock.mockito.ResetMocksTestExecutionListener, org.spockframework.spring.SpringMockTestExecutionListener, org.springframework.test.context.web.ServletTestExecutionListener, org.springframework.test.context.support.DirtiesContextBeforeModesTestExecutionListener, org.springframework.test.context.support.DependencyInjectionTestExecutionListener, org.springframework.test.context.support.DirtiesContextTestExecutionListener, org.springframework.test.context.transaction.TransactionalTestExecutionListener, org.springframework.test.context.jdbc.SqlScriptsTestExecutionListener, org.springframework.test.context.event.EventPublishingTestExecutionListener]
07:24:54.578 [Test worker] INFO org.springframework.boot.test.context.SpringBootTestContextBootstrapper - Using TestExecutionListeners: [org.springframework.test.context.web.ServletTestExecutionListener@22ce41b2, org.springframework.test.context.support.DirtiesContextBeforeModesTestExecutionListener@6d2d2d1b, org.springframework.boot.test.mock.mockito.MockitoTestExecutionListener@3ee00781, org.springframework.boot.test.autoconfigure.SpringBootDependencyInjectionTestExecutionListener@57c31bb6, org.springframework.test.context.support.DirtiesContextTestExecutionListener@750032d, org.springframework.test.context.transaction.TransactionalTestExecutionListener@311b329, org.springframework.test.context.jdbc.SqlScriptsTestExecutionListener@3df360c5, org.springframework.test.context.event.EventPublishingTestExecutionListener@72a2d266, org.springframework.boot.test.autoconfigure.restdocs.RestDocsTestExecutionListener@756cfe74, org.springframework.boot.test.autoconfigure.web.client.MockRestServiceServerResetTestExecutionListener@7b6a930b, org.springframework.boot.test.autoconfigure.web.servlet.MockMvcPrintOnlyOnFailureTestExecutionListener@5d3921eb, org.springframework.boot.test.autoconfigure.web.servlet.WebDriverTestExecutionListener@396ce9c8, org.springframework.boot.test.autoconfigure.webservices.client.MockWebServiceServerTestExecutionListener@2b613fcf, org.springframework.boot.test.mock.mockito.ResetMocksTestExecutionListener@4bc0363, org.spockframework.spring.SpringMockTestExecutionListener@109e4c66]
07:24:54.582 [Test worker] DEBUG org.springframework.test.context.support.AbstractDirtiesContextTestExecutionListener - Before test class: context [DefaultTestContext@271fe614 testClass = DemoSpringApplicationTests, testInstance = [null], testMethod = [null], testException = [null], mergedContextConfiguration = [WebMergedContextConfiguration@d9620da testClass = DemoSpringApplicationTests, locations = '{}', classes = '{class com.example.demospring.DemoSpringApplication}', contextInitializerClasses = '[]', activeProfiles = '{}', propertySourceLocations = '{}', propertySourceProperties = '{org.springframework.boot.test.context.SpringBootTestContextBootstrapper=true}', contextCustomizers = set[org.springframework.boot.test.autoconfigure.properties.PropertyMappingContextCustomizer@0, org.springframework.boot.test.autoconfigure.web.servlet.WebDriverContextCustomizerFactory$Customizer@3bcb659f, org.springframework.boot.test.context.filter.ExcludeFilterContextCustomizer@220e4ac7, org.springframework.boot.test.json.DuplicateJsonObjectContextCustomizerFactory$DuplicateJsonObjectContextCustomizer@40406156, org.springframework.boot.test.mock.mockito.MockitoContextCustomizer@0, org.springframework.boot.test.web.client.TestRestTemplateContextCustomizer@36b40780, org.spockframework.spring.mock.SpockContextCustomizer@0, org.springframework.boot.test.context.SpringBootTestArgs@1], resourceBasePath = 'src/main/webapp', contextLoader = 'org.springframework.boot.test.context.SpringBootContextLoader', parent = [null]], attributes = map['org.springframework.test.context.web.ServletTestExecutionListener.activateListener' -> true]], class annotated with @DirtiesContext [false] with mode [null].
07:24:54.623 [Test worker] DEBUG org.springframework.test.context.support.TestPropertySourceUtils - Adding inlined properties to environment: {spring.jmx.enabled=false, org.springframework.boot.test.context.SpringBootTestContextBootstrapper=true}

  .   ____          _            __ _ _
 /\\ / ___'_ __ _ _(_)_ __  __ _ \ \ \ \
( ( )\___ | '_ | '_| | '_ \/ _` | \ \ \ \
 \\/  ___)| |_)| | | | | || (_| |  ) ) ) )
  '  |____| .__|_| |_|_| |_\__, | / / / /
 =========|_|==============|___/=/_/_/_/
 :: Spring Boot ::        (v2.3.0.RELEASE)

2020-05-26 07:24:56.773  INFO 13104 --- [    Test worker] .s.d.r.c.RepositoryConfigurationDelegate : Bootstrapping Spring Data JPA repositories in DEFERRED mode.
2020-05-26 07:24:56.816  INFO 13104 --- [    Test worker] .s.d.r.c.RepositoryConfigurationDelegate : Finished Spring Data repository scanning in 27ms. Found 0 JPA repository interfaces.
2020-05-26 07:24:58.122 DEBUG 13104 --- [    Test worker] com.zaxxer.hikari.HikariConfig           : Driver class org.postgresql.Driver found in Thread context class loader jdk.internal.loader.ClassLoaders$AppClassLoader@55054057
2020-05-26 07:24:58.188 DEBUG 13104 --- [    Test worker] com.zaxxer.hikari.HikariConfig           : HikariPool-1 - configuration:
2020-05-26 07:24:58.193 DEBUG 13104 --- [    Test worker] com.zaxxer.hikari.HikariConfig           : allowPoolSuspension.............false
2020-05-26 07:24:58.194 DEBUG 13104 --- [    Test worker] com.zaxxer.hikari.HikariConfig           : autoCommit......................true
2020-05-26 07:24:58.195 DEBUG 13104 --- [    Test worker] com.zaxxer.hikari.HikariConfig           : catalog.........................none
2020-05-26 07:24:58.196 DEBUG 13104 --- [    Test worker] com.zaxxer.hikari.HikariConfig           : connectionInitSql...............none
2020-05-26 07:24:58.196 DEBUG 13104 --- [    Test worker] com.zaxxer.hikari.HikariConfig           : connectionTestQuery.............none
2020-05-26 07:24:58.197 DEBUG 13104 --- [    Test worker] com.zaxxer.hikari.HikariConfig           : connectionTimeout...............20000
2020-05-26 07:24:58.197 DEBUG 13104 --- [    Test worker] com.zaxxer.hikari.HikariConfig           : dataSource......................none
2020-05-26 07:24:58.198 DEBUG 13104 --- [    Test worker] com.zaxxer.hikari.HikariConfig           : dataSourceClassName.............none
2020-05-26 07:24:58.198 DEBUG 13104 --- [    Test worker] com.zaxxer.hikari.HikariConfig           : dataSourceJNDI..................none
2020-05-26 07:24:58.199 DEBUG 13104 --- [    Test worker] com.zaxxer.hikari.HikariConfig           : dataSourceProperties............{password=<masked>}
2020-05-26 07:24:58.200 DEBUG 13104 --- [    Test worker] com.zaxxer.hikari.HikariConfig           : driverClassName................."org.postgresql.Driver"
2020-05-26 07:24:58.200 DEBUG 13104 --- [    Test worker] com.zaxxer.hikari.HikariConfig           : exceptionOverrideClassName......none
2020-05-26 07:24:58.201 DEBUG 13104 --- [    Test worker] com.zaxxer.hikari.HikariConfig           : healthCheckProperties...........{}
2020-05-26 07:24:58.201 DEBUG 13104 --- [    Test worker] com.zaxxer.hikari.HikariConfig           : healthCheckRegistry.............none
2020-05-26 07:24:58.201 DEBUG 13104 --- [    Test worker] com.zaxxer.hikari.HikariConfig           : idleTimeout.....................600000
2020-05-26 07:24:58.202 DEBUG 13104 --- [    Test worker] com.zaxxer.hikari.HikariConfig           : initializationFailTimeout.......1
2020-05-26 07:24:58.203 DEBUG 13104 --- [    Test worker] com.zaxxer.hikari.HikariConfig           : isolateInternalQueries..........false
2020-05-26 07:24:58.203 DEBUG 13104 --- [    Test worker] com.zaxxer.hikari.HikariConfig           : jdbcUrl.........................jdbc:postgresql://localhost:5432/demo
2020-05-26 07:24:58.204 DEBUG 13104 --- [    Test worker] com.zaxxer.hikari.HikariConfig           : leakDetectionThreshold..........0
2020-05-26 07:24:58.205 DEBUG 13104 --- [    Test worker] com.zaxxer.hikari.HikariConfig           : maxLifetime.....................1800000
2020-05-26 07:24:58.205 DEBUG 13104 --- [    Test worker] com.zaxxer.hikari.HikariConfig           : maximumPoolSize.................5
2020-05-26 07:24:58.206 DEBUG 13104 --- [    Test worker] com.zaxxer.hikari.HikariConfig           : metricRegistry..................none
2020-05-26 07:24:58.206 DEBUG 13104 --- [    Test worker] com.zaxxer.hikari.HikariConfig           : metricsTrackerFactory...........none
2020-05-26 07:24:58.207 DEBUG 13104 --- [    Test worker] com.zaxxer.hikari.HikariConfig           : minimumIdle.....................5
2020-05-26 07:24:58.207 DEBUG 13104 --- [    Test worker] com.zaxxer.hikari.HikariConfig           : password........................<masked>
2020-05-26 07:24:58.208 DEBUG 13104 --- [    Test worker] com.zaxxer.hikari.HikariConfig           : poolName........................"HikariPool-1"
2020-05-26 07:24:58.209 DEBUG 13104 --- [    Test worker] com.zaxxer.hikari.HikariConfig           : readOnly........................false
2020-05-26 07:24:58.210 DEBUG 13104 --- [    Test worker] com.zaxxer.hikari.HikariConfig           : registerMbeans..................false
2020-05-26 07:24:58.212 DEBUG 13104 --- [    Test worker] com.zaxxer.hikari.HikariConfig           : scheduledExecutor...............none
2020-05-26 07:24:58.212 DEBUG 13104 --- [    Test worker] com.zaxxer.hikari.HikariConfig           : schema..........................none
2020-05-26 07:24:58.213 DEBUG 13104 --- [    Test worker] com.zaxxer.hikari.HikariConfig           : threadFactory...................internal
2020-05-26 07:24:58.214 DEBUG 13104 --- [    Test worker] com.zaxxer.hikari.HikariConfig           : transactionIsolation............default
2020-05-26 07:24:58.215 DEBUG 13104 --- [    Test worker] com.zaxxer.hikari.HikariConfig           : username........................"postgres"
2020-05-26 07:24:58.215 DEBUG 13104 --- [    Test worker] com.zaxxer.hikari.HikariConfig           : validationTimeout...............5000
2020-05-26 07:24:58.216  INFO 13104 --- [    Test worker] com.zaxxer.hikari.HikariDataSource       : HikariPool-1 - Starting...
2020-05-26 07:24:58.361 DEBUG 13104 --- [    Test worker] com.zaxxer.hikari.pool.HikariPool        : HikariPool-1 - Added connection org.postgresql.jdbc.PgConnection@30125585
2020-05-26 07:24:58.366  INFO 13104 --- [    Test worker] com.zaxxer.hikari.HikariDataSource       : HikariPool-1 - Start completed.
2020-05-26 07:24:58.468 DEBUG 13104 --- [l-1 housekeeper] com.zaxxer.hikari.pool.HikariPool        : HikariPool-1 - Pool stats (total=1, active=0, idle=1, waiting=0)
2020-05-26 07:24:58.484 DEBUG 13104 --- [onnection adder] com.zaxxer.hikari.pool.HikariPool        : HikariPool-1 - Added connection org.postgresql.jdbc.PgConnection@765bf8f3
2020-05-26 07:24:58.501 DEBUG 13104 --- [onnection adder] com.zaxxer.hikari.pool.HikariPool        : HikariPool-1 - Added connection org.postgresql.jdbc.PgConnection@789c1848
2020-05-26 07:24:58.522 DEBUG 13104 --- [onnection adder] com.zaxxer.hikari.pool.HikariPool        : HikariPool-1 - Added connection org.postgresql.jdbc.PgConnection@7ca39383
2020-05-26 07:24:58.541 DEBUG 13104 --- [onnection adder] com.zaxxer.hikari.pool.HikariPool        : HikariPool-1 - Added connection org.postgresql.jdbc.PgConnection@39a11273
2020-05-26 07:24:58.542 DEBUG 13104 --- [onnection adder] com.zaxxer.hikari.pool.HikariPool        : HikariPool-1 - After adding stats (total=5, active=0, idle=5, waiting=0)
2020-05-26 07:24:58.691  INFO 13104 --- [    Test worker] o.s.s.concurrent.ThreadPoolTaskExecutor  : Initializing ExecutorService 'applicationTaskExecutor'
2020-05-26 07:25:01.167  INFO 13104 --- [    Test worker] o.s.b.a.e.web.EndpointLinksResolver      : Exposing 2 endpoint(s) beneath base path '/actuator'
2020-05-26 07:25:01.218  INFO 13104 --- [    Test worker] DeferredRepositoryInitializationListener : Triggering deferred initialization of Spring Data repositories…
2020-05-26 07:25:01.219  INFO 13104 --- [    Test worker] DeferredRepositoryInitializationListener : Spring Data repositories initialized!
]]></system-out>
  <system-err><![CDATA[]]></system-err>
</testsuite>
