<?xml version="1.0" encoding="UTF-8"?>
<testsuite name="com.example.demospring.HomeSpec" tests="1" skipped="0" failures="0" errors="0" timestamp="2020-05-25T18:56:15" hostname="MacBook-Pro-de-Isagani.local" time="0.127">
  <properties/>
  <testcase name="test something" classname="com.example.demospring.HomeSpec" time="0.127"/>
  <system-out><![CDATA[]]></system-out>
  <system-err><![CDATA[]]></system-err>
</testsuite>
